{
  "RSpec": {
    "coverage": {
      "/home/rtoledo_dev/www/hotmart/jobs_control/jobs_control_api/app/models/application.rb": {
        "lines": [
          1,
          1,
          1,
          null,
          1,
          null
        ]
      },
      "/home/rtoledo_dev/www/hotmart/jobs_control/jobs_control_api/app/models/application_record.rb": {
        "lines": [
          1,
          1,
          null
        ]
      },
      "/home/rtoledo_dev/www/hotmart/jobs_control/jobs_control_api/app/models/job.rb": {
        "lines": [
          1,
          null,
          1,
          null,
          null,
          1,
          1,
          null
        ]
      },
      "/home/rtoledo_dev/www/hotmart/jobs_control/jobs_control_api/app/models/user.rb": {
        "lines": [
          1,
          1,
          1,
          1,
          65,
          null,
          1,
          1,
          null,
          null,
          null,
          1,
          null,
          null,
          1,
          1,
          null,
          null,
          3,
          null
        ]
      },
      "/home/rtoledo_dev/www/hotmart/jobs_control/jobs_control_api/app/controllers/jobs_controller.rb": {
        "lines": [
          1,
          1,
          null,
          null,
          1,
          null,
          null,
          1,
          null,
          null,
          1,
          null,
          null,
          1,
          null,
          null
        ]
      },
      "/home/rtoledo_dev/www/hotmart/jobs_control/jobs_control_api/app/controllers/application_controller.rb": {
        "lines": [
          1,
          1,
          null,
          1,
          2,
          null,
          null,
          1,
          6,
          null,
          null,
          1,
          3,
          null,
          null,
          1,
          2,
          null,
          null,
          1,
          7,
          7,
          7,
          null,
          null,
          1,
          1,
          1,
          null,
          null
        ]
      },
      "/home/rtoledo_dev/www/hotmart/jobs_control/jobs_control_api/app/controllers/my_jobs_controller.rb": {
        "lines": [
          1,
          1,
          null,
          null,
          1,
          null,
          null,
          1,
          null,
          null,
          1,
          null,
          null,
          1,
          null,
          null
        ]
      },
      "/home/rtoledo_dev/www/hotmart/jobs_control/jobs_control_api/app/controllers/sessions_controller.rb": {
        "lines": [
          1,
          null,
          1,
          5,
          4,
          4,
          null,
          1,
          null,
          null,
          null,
          1,
          1,
          1,
          null,
          null
        ]
      },
      "/home/rtoledo_dev/www/hotmart/jobs_control/jobs_control_api/app/models/current.rb": {
        "lines": [
          1,
          1,
          null
        ]
      },
      "/home/rtoledo_dev/www/hotmart/jobs_control/jobs_control_api/app/controllers/passwords_controller.rb": {
        "lines": [
          1,
          1,
          1,
          2,
          1,
          null,
          1,
          null,
          null,
          null,
          1,
          1,
          2,
          null,
          null
        ]
      },
      "/home/rtoledo_dev/www/hotmart/jobs_control/jobs_control_api/app/controllers/registrations_controller.rb": {
        "lines": [
          1,
          1,
          5,
          5,
          3,
          3,
          null,
          2,
          null,
          null,
          null,
          1,
          null,
          1,
          5,
          null,
          null
        ]
      }
    },
    "timestamp": 1706973352
  }
}
